<?xml version="1.0" encoding="UTF-8"?>
<!-- Generated by org.testng.reporters.JUnitXMLReporter -->
<testsuite ignored="0" hostname="LAPTOP-5QBIB813" failures="0" tests="3" name="Default test" time="139.653" errors="0" timestamp="2022-05-18T18:34:55 IST">
  <testcase classname="selenium.learning.Tc0002_dataprovider2" name="irctcregistration1" time="27.058"/>
  <testcase classname="selenium.learning.Tc0002_dataprovider2" name="irctcregistration1" time="27.074"/>
  <testcase classname="selenium.learning.Tc0002_dataprovider2" name="irctcregistration1" time="27.687"/>
</testsuite> <!-- Default test -->
