<?xml version="1.0" encoding="UTF-8"?>
<!-- Generated by org.testng.reporters.JUnitXMLReporter -->
<testsuite ignored="1" hostname="LAPTOP-5QBIB813" failures="0" tests="2" name="Test" time="60.548" errors="0" timestamp="2022-05-02T17:20:00 IST">
  <testcase classname="testNG.Demogroups" name="irctcregistration1" time="30.312"/>
  <testcase classname="testNG.Demogroups" name="irctcregistration2" time="30.177"/>
  <testcase classname="testNG.Demogroups" name="irctcregistration" time="0.0">
    <ignored/>
  </testcase> <!-- irctcregistration -->
</testsuite> <!-- Test -->
