<?xml version="1.0" encoding="UTF-8"?>
<testng-results ignored="0" total="3" passed="3" failed="0" skipped="0">
  <reporter-output>
  </reporter-output>
  <suite started-at="2022-05-18T18:32:35 IST" name="Default suite" finished-at="2022-05-18T18:34:55 IST" duration-ms="139653">
    <groups>
    </groups>
    <test started-at="2022-05-18T18:32:35 IST" name="Default test" finished-at="2022-05-18T18:34:55 IST" duration-ms="139653">
      <class name="selenium.learning.Tc0002_dataprovider2">
        <test-method is-config="true" signature="beforesuite()[pri:0, instance:selenium.learning.Tc0002_dataprovider2@4efac082]" started-at="2022-05-18T18:32:35 IST" name="beforesuite" finished-at="2022-05-18T18:32:35 IST" duration-ms="136" status="PASS">
          <reporter-output>
          </reporter-output>
        </test-method> <!-- beforesuite -->
        <test-method is-config="true" signature="beforetest()[pri:0, instance:selenium.learning.Tc0002_dataprovider2@4efac082]" started-at="2022-05-18T18:32:35 IST" name="beforetest" finished-at="2022-05-18T18:32:35 IST" duration-ms="1" status="PASS">
          <reporter-output>
          </reporter-output>
        </test-method> <!-- beforetest -->
        <test-method is-config="true" signature="assignvalues()[pri:0, instance:selenium.learning.Tc0002_dataprovider2@4efac082]" started-at="2022-05-18T18:32:35 IST" name="assignvalues" finished-at="2022-05-18T18:32:35 IST" duration-ms="0" status="PASS">
          <reporter-output>
          </reporter-output>
        </test-method> <!-- assignvalues -->
        <test-method is-config="true" signature="beforeclass()[pri:0, instance:selenium.learning.Tc0002_dataprovider2@4efac082]" started-at="2022-05-18T18:32:35 IST" name="beforeclass" finished-at="2022-05-18T18:32:35 IST" duration-ms="0" status="PASS">
          <reporter-output>
          </reporter-output>
        </test-method> <!-- beforeclass -->
        <test-method is-config="true" signature="invoked()[pri:0, instance:selenium.learning.Tc0002_dataprovider2@4efac082]" started-at="2022-05-18T18:32:36 IST" name="invoked" finished-at="2022-05-18T18:32:59 IST" duration-ms="23468" status="PASS">
          <reporter-output>
          </reporter-output>
        </test-method> <!-- invoked -->
        <test-method signature="irctcregistration1(java.lang.String,java.lang.String,java.lang.String,java.lang.String,java.lang.String,java.lang.String,java.lang.String,java.lang.String,java.lang.String,java.lang.String,java.lang.String,java.lang.String,java.lang.String)[pri:0, instance:selenium.learning.Tc0002_dataprovider2@4efac082]" started-at="2022-05-18T18:32:59 IST" name="irctcregistration1" data-provider="fetchdata2" finished-at="2022-05-18T18:33:26 IST" duration-ms="27058" status="PASS">
          <params>
            <param index="0">
              <value>
                <![CDATA[Bheem_123]]>
              </value>
            </param>
            <param index="1">
              <value>
                <![CDATA[Bheem1234]]>
              </value>
            </param>
            <param index="2">
              <value>
                <![CDATA[Bheem1234]]>
              </value>
            </param>
            <param index="3">
              <value>
                <![CDATA[Pulsar]]>
              </value>
            </param>
            <param index="4">
              <value>
                <![CDATA[bheemesh123456@gmail.com]]>
              </value>
            </param>
            <param index="5">
              <value>
                <![CDATA[Tummalapalli]]>
              </value>
            </param>
            <param index="6">
              <value>
                <![CDATA[Bheemeswara]]>
              </value>
            </param>
            <param index="7">
              <value>
                <![CDATA[Swamy]]>
              </value>
            </param>
            <param index="8">
              <value>
                <![CDATA[1-80/2]]>
              </value>
            </param>
            <param index="9">
              <value>
                <![CDATA[Love and mercy church street]]>
              </value>
            </param>
            <param index="10">
              <value>
                <![CDATA[Sarpavaram]]>
              </value>
            </param>
            <param index="11">
              <value>
                <![CDATA[9381993835]]>
              </value>
            </param>
            <param index="12">
              <value>
                <![CDATA[533001]]>
              </value>
            </param>
          </params>
          <reporter-output>
          </reporter-output>
        </test-method> <!-- irctcregistration1 -->
        <test-method is-config="true" signature="closeapp()[pri:0, instance:selenium.learning.Tc0002_dataprovider2@4efac082]" started-at="2022-05-18T18:33:26 IST" name="closeapp" finished-at="2022-05-18T18:33:27 IST" duration-ms="832" status="PASS">
          <reporter-output>
          </reporter-output>
        </test-method> <!-- closeapp -->
        <test-method is-config="true" signature="invoked()[pri:0, instance:selenium.learning.Tc0002_dataprovider2@4efac082]" started-at="2022-05-18T18:33:27 IST" name="invoked" finished-at="2022-05-18T18:33:41 IST" duration-ms="14291" status="PASS">
          <reporter-output>
          </reporter-output>
        </test-method> <!-- invoked -->
        <test-method signature="irctcregistration1(java.lang.String,java.lang.String,java.lang.String,java.lang.String,java.lang.String,java.lang.String,java.lang.String,java.lang.String,java.lang.String,java.lang.String,java.lang.String,java.lang.String,java.lang.String)[pri:0, instance:selenium.learning.Tc0002_dataprovider2@4efac082]" started-at="2022-05-18T18:33:41 IST" name="irctcregistration1" data-provider="fetchdata2" finished-at="2022-05-18T18:34:08 IST" duration-ms="27074" status="PASS">
          <params>
            <param index="0">
              <value>
                <![CDATA[bittu_123]]>
              </value>
            </param>
            <param index="1">
              <value>
                <![CDATA[Bittu235]]>
              </value>
            </param>
            <param index="2">
              <value>
                <![CDATA[Bittu235]]>
              </value>
            </param>
            <param index="3">
              <value>
                <![CDATA[Glamour]]>
              </value>
            </param>
            <param index="4">
              <value>
                <![CDATA[bittu132@gmail.com]]>
              </value>
            </param>
            <param index="5">
              <value>
                <![CDATA[Pachipala]]>
              </value>
            </param>
            <param index="6">
              <value>
                <![CDATA[Hemanth]]>
              </value>
            </param>
            <param index="7">
              <value>
                <![CDATA[satya sai]]>
              </value>
            </param>
            <param index="8">
              <value>
                <![CDATA[6-53]]>
              </value>
            </param>
            <param index="9">
              <value>
                <![CDATA[Bhavanarayanapuream]]>
              </value>
            </param>
            <param index="10">
              <value>
                <![CDATA[Pratap nagar]]>
              </value>
            </param>
            <param index="11">
              <value>
                <![CDATA[9550291909]]>
              </value>
            </param>
            <param index="12">
              <value>
                <![CDATA[533002]]>
              </value>
            </param>
          </params>
          <reporter-output>
          </reporter-output>
        </test-method> <!-- irctcregistration1 -->
        <test-method is-config="true" signature="closeapp()[pri:0, instance:selenium.learning.Tc0002_dataprovider2@4efac082]" started-at="2022-05-18T18:34:08 IST" name="closeapp" finished-at="2022-05-18T18:34:09 IST" duration-ms="818" status="PASS">
          <reporter-output>
          </reporter-output>
        </test-method> <!-- closeapp -->
        <test-method is-config="true" signature="invoked()[pri:0, instance:selenium.learning.Tc0002_dataprovider2@4efac082]" started-at="2022-05-18T18:34:09 IST" name="invoked" finished-at="2022-05-18T18:34:26 IST" duration-ms="17161" status="PASS">
          <reporter-output>
          </reporter-output>
        </test-method> <!-- invoked -->
        <test-method signature="irctcregistration1(java.lang.String,java.lang.String,java.lang.String,java.lang.String,java.lang.String,java.lang.String,java.lang.String,java.lang.String,java.lang.String,java.lang.String,java.lang.String,java.lang.String,java.lang.String)[pri:0, instance:selenium.learning.Tc0002_dataprovider2@4efac082]" started-at="2022-05-18T18:34:26 IST" name="irctcregistration1" data-provider="fetchdata2" finished-at="2022-05-18T18:34:54 IST" duration-ms="27687" status="PASS">
          <params>
            <param index="0">
              <value>
                <![CDATA[Ganga_385]]>
              </value>
            </param>
            <param index="1">
              <value>
                <![CDATA[Raju13456]]>
              </value>
            </param>
            <param index="2">
              <value>
                <![CDATA[Raju13456]]>
              </value>
            </param>
            <param index="3">
              <value>
                <![CDATA[Ns160]]>
              </value>
            </param>
            <param index="4">
              <value>
                <![CDATA[polupureddy5869@gmail.com]]>
              </value>
            </param>
            <param index="5">
              <value>
                <![CDATA[Polupureddy]]>
              </value>
            </param>
            <param index="6">
              <value>
                <![CDATA[Ganga]]>
              </value>
            </param>
            <param index="7">
              <value>
                <![CDATA[Raju]]>
              </value>
            </param>
            <param index="8">
              <value>
                <![CDATA[6-85-3/1]]>
              </value>
            </param>
            <param index="9">
              <value>
                <![CDATA[Gokulam street]]>
              </value>
            </param>
            <param index="10">
              <value>
                <![CDATA[Madhura nagar]]>
              </value>
            </param>
            <param index="11">
              <value>
                <![CDATA[9000451908]]>
              </value>
            </param>
            <param index="12">
              <value>
                <![CDATA[533003]]>
              </value>
            </param>
          </params>
          <reporter-output>
          </reporter-output>
        </test-method> <!-- irctcregistration1 -->
        <test-method is-config="true" signature="closeapp()[pri:0, instance:selenium.learning.Tc0002_dataprovider2@4efac082]" started-at="2022-05-18T18:34:54 IST" name="closeapp" finished-at="2022-05-18T18:34:55 IST" duration-ms="845" status="PASS">
          <reporter-output>
          </reporter-output>
        </test-method> <!-- closeapp -->
        <test-method is-config="true" signature="aftertest()[pri:0, instance:selenium.learning.Tc0002_dataprovider2@4efac082]" started-at="2022-05-18T18:34:55 IST" name="aftertest" finished-at="2022-05-18T18:34:55 IST" duration-ms="0" status="PASS">
          <reporter-output>
          </reporter-output>
        </test-method> <!-- aftertest -->
        <test-method is-config="true" signature="afterclass()[pri:0, instance:selenium.learning.Tc0002_dataprovider2@4efac082]" started-at="2022-05-18T18:34:55 IST" name="afterclass" finished-at="2022-05-18T18:34:55 IST" duration-ms="0" status="PASS">
          <reporter-output>
          </reporter-output>
        </test-method> <!-- afterclass -->
        <test-method is-config="true" signature="aftersuite()[pri:0, instance:selenium.learning.Tc0002_dataprovider2@4efac082]" started-at="2022-05-18T18:34:55 IST" name="aftersuite" finished-at="2022-05-18T18:34:56 IST" duration-ms="536" status="PASS">
          <reporter-output>
          </reporter-output>
        </test-method> <!-- aftersuite -->
      </class> <!-- selenium.learning.Tc0002_dataprovider2 -->
    </test> <!-- Default test -->
  </suite> <!-- Default suite -->
</testng-results>
